app/build/intermediates/manifest_merge_blame_file/debug/manifest-merger-blame-debug-report.txt
1<?xml version="1.0" encoding="utf-8"?>
2<manifest xmlns:android="http://schemas.android.com/apk/res/android"
3    package="de.mantuuu.twitter"
4    android:versionCode="1"
5    android:versionName="1.0" >
6
7    <uses-sdk
8        android:minSdkVersion="24"
8-->src\main\AndroidManifest.xml
9        android:targetSdkVersion="29" />
9-->src\main\AndroidManifest.xml
10
11    <uses-permission android:name="android.permission.INTERNET" />
11-->[com.github.parse-community.Parse-SDK-Android:parse:1.24.1] AndroidManifest.xml:19:5-67
11-->[com.github.parse-community.Parse-SDK-Android:parse:1.24.1] AndroidManifest.xml:19:22-64
12    <uses-permission android:name="android.permission.ACCESS_NETWORK_STATE" />
12-->[com.github.parse-community.Parse-SDK-Android:parse:1.24.1] AndroidManifest.xml:20:5-79
12-->[com.github.parse-community.Parse-SDK-Android:parse:1.24.1] AndroidManifest.xml:20:22-76
13
14    <application
14-->src\main\AndroidManifest.xml:5:5-31:19
15        android:allowBackup="true"
15-->src\main\AndroidManifest.xml:6:9-35
16        android:appComponentFactory="androidx.core.app.CoreComponentFactory"
16-->[androidx.core:core:1.2.0] AndroidManifest.xml:24:18-86
17        android:debuggable="true"
18        android:extractNativeLibs="false"
19        android:icon="@mipmap/ic_launcher"
19-->src\main\AndroidManifest.xml:7:9-43
20        android:label="@string/app_name"
20-->src\main\AndroidManifest.xml:8:9-41
21        android:roundIcon="@mipmap/ic_launcher_round"
21-->src\main\AndroidManifest.xml:9:9-54
22        android:supportsRtl="true"
22-->src\main\AndroidManifest.xml:10:9-35
23        android:testOnly="true"
24        android:theme="@style/AppTheme" >
24-->src\main\AndroidManifest.xml:11:9-40
25        <activity
25-->src\main\AndroidManifest.xml:12:9-16:68
26            android:name="de.mantuuu.twitter.ViewFeed"
26-->src\main\AndroidManifest.xml:13:13-37
27            android:label="@string/title_activity_view_feed"
27-->src\main\AndroidManifest.xml:14:13-61
28            android:parentActivityName="de.mantuuu.twitter.UserList"
28-->src\main\AndroidManifest.xml:15:13-51
29            android:theme="@style/AppTheme.NoActionBar" />
29-->src\main\AndroidManifest.xml:16:13-56
30        <activity
30-->src\main\AndroidManifest.xml:17:9-20:59
31            android:name="de.mantuuu.twitter.UserList"
31-->src\main\AndroidManifest.xml:18:13-37
32            android:label="@string/title_activity_user_list"
32-->src\main\AndroidManifest.xml:19:13-61
33            android:theme="@style/AppTheme.NoActionBar" />
33-->src\main\AndroidManifest.xml:20:13-56
34        <activity
34-->src\main\AndroidManifest.xml:21:9-30:20
35            android:name="de.mantuuu.twitter.MainActivity"
35-->src\main\AndroidManifest.xml:22:13-41
36            android:label="@string/app_name"
36-->src\main\AndroidManifest.xml:23:13-45
37            android:theme="@style/AppTheme.NoActionBar" >
37-->src\main\AndroidManifest.xml:24:13-56
38            <intent-filter>
38-->src\main\AndroidManifest.xml:25:13-29:29
39                <action android:name="android.intent.action.MAIN" />
39-->src\main\AndroidManifest.xml:26:17-69
39-->src\main\AndroidManifest.xml:26:25-66
40
41                <category android:name="android.intent.category.LAUNCHER" />
41-->src\main\AndroidManifest.xml:28:17-77
41-->src\main\AndroidManifest.xml:28:27-74
42            </intent-filter>
43        </activity>
44    </application>
45
46</manifest>